mode: set
github.com/s21platform/notification-service/cmd/service/main.go:18.13,34.16 8 0
github.com/s21platform/notification-service/cmd/service/main.go:34.16,36.3 1 0
github.com/s21platform/notification-service/cmd/service/main.go:38.2,39.36 2 0
github.com/s21platform/notification-service/cmd/service/main.go:39.36,41.3 1 0
github.com/s21platform/notification-service/cmd/workers/kafka/main.go:16.13,19.16 3 0
github.com/s21platform/notification-service/cmd/workers/kafka/main.go:19.16,21.3 1 0
github.com/s21platform/notification-service/cmd/workers/kafka/main.go:23.2,28.16 4 0
github.com/s21platform/notification-service/cmd/workers/kafka/main.go:28.16,30.3 1 0
github.com/s21platform/notification-service/cmd/workers/kafka/main.go:32.2,39.14 5 0
github.com/s21platform/notification-service/internal/client/user/client.go:20.38,23.16 3 0
github.com/s21platform/notification-service/internal/client/user/client.go:23.16,25.3 1 0
github.com/s21platform/notification-service/internal/client/user/client.go:26.2,27.32 2 0
github.com/s21platform/notification-service/internal/client/user/client.go:30.83,34.16 4 0
github.com/s21platform/notification-service/internal/client/user/client.go:34.16,36.3 1 0
github.com/s21platform/notification-service/internal/client/user/client.go:37.2,37.24 1 0
github.com/s21platform/notification-service/internal/pkg/email_sender/service.go:18.39,25.2 1 0
github.com/s21platform/notification-service/internal/pkg/email_sender/service.go:27.78,39.41 8 0
github.com/s21platform/notification-service/internal/pkg/email_sender/service.go:39.41,41.3 1 0
github.com/s21platform/notification-service/internal/pkg/email_sender/service.go:42.2,42.12 1 0
github.com/s21platform/notification-service/internal/databus/invite_on_platform/handler.go:27.56,29.2 1 0
github.com/s21platform/notification-service/internal/databus/invite_on_platform/handler.go:31.64,33.16 2 0
github.com/s21platform/notification-service/internal/databus/invite_on_platform/handler.go:33.16,35.3 1 0
github.com/s21platform/notification-service/internal/databus/invite_on_platform/handler.go:36.2,36.12 1 0
github.com/s21platform/notification-service/internal/databus/invite_on_platform/handler.go:39.58,44.16 4 0
github.com/s21platform/notification-service/internal/databus/invite_on_platform/handler.go:44.16,48.3 3 0
github.com/s21platform/notification-service/internal/databus/invite_on_platform/handler.go:50.2,51.16 2 0
github.com/s21platform/notification-service/internal/databus/invite_on_platform/handler.go:51.16,53.3 1 0
github.com/s21platform/notification-service/internal/databus/invite_on_platform/handler.go:55.2,56.16 2 0
github.com/s21platform/notification-service/internal/databus/invite_on_platform/handler.go:56.16,60.3 3 0
github.com/s21platform/notification-service/internal/databus/invite_on_platform/handler.go:61.2,68.16 4 0
github.com/s21platform/notification-service/internal/databus/invite_on_platform/handler.go:68.16,70.3 1 0
github.com/s21platform/notification-service/internal/databus/invite_on_platform/handler.go:72.2,73.16 2 0
github.com/s21platform/notification-service/internal/databus/invite_on_platform/handler.go:73.16,77.3 3 0
github.com/s21platform/notification-service/internal/databus/invite_on_platform/handler.go:78.2,79.35 2 0
github.com/s21platform/notification-service/internal/infra/user_interceptor.go:19.24,22.30 3 0
github.com/s21platform/notification-service/internal/infra/user_interceptor.go:22.30,24.3 1 0
github.com/s21platform/notification-service/internal/infra/user_interceptor.go:25.2,26.26 2 0
github.com/s21platform/notification-service/internal/config/config.go:64.25,67.16 3 0
github.com/s21platform/notification-service/internal/config/config.go:67.16,69.3 1 0
github.com/s21platform/notification-service/internal/config/config.go:70.2,70.12 1 0
github.com/s21platform/notification-service/internal/pkg/email_sender/invite_mail/service.go:21.39,29.2 1 0
github.com/s21platform/notification-service/internal/pkg/email_sender/invite_mail/service.go:31.78,33.21 2 0
github.com/s21platform/notification-service/internal/pkg/email_sender/invite_mail/service.go:33.21,37.34 2 0
github.com/s21platform/notification-service/internal/pkg/email_sender/invite_mail/service.go:37.34,39.4 1 0
github.com/s21platform/notification-service/internal/pkg/email_sender/invite_mail/service.go:42.2,54.41 9 0
github.com/s21platform/notification-service/internal/pkg/email_sender/invite_mail/service.go:54.41,57.3 2 0
github.com/s21platform/notification-service/internal/pkg/email_sender/invite_mail/service.go:58.2,58.12 1 0
github.com/s21platform/notification-service/pkg/notification/notification.pb.go:34.40,39.2 4 0
github.com/s21platform/notification-service/pkg/notification/notification.pb.go:41.48,43.2 1 0
github.com/s21platform/notification-service/pkg/notification/notification.pb.go:45.46,45.47 0 0
github.com/s21platform/notification-service/pkg/notification/notification.pb.go:47.68,49.14 2 0
github.com/s21platform/notification-service/pkg/notification/notification.pb.go:49.14,51.34 2 0
github.com/s21platform/notification-service/pkg/notification/notification.pb.go:51.34,53.4 1 0
github.com/s21platform/notification-service/pkg/notification/notification.pb.go:54.3,54.12 1 0
github.com/s21platform/notification-service/pkg/notification/notification.pb.go:56.2,56.24 1 0
github.com/s21platform/notification-service/pkg/notification/notification.pb.go:60.59,62.2 1 0
github.com/s21platform/notification-service/pkg/notification/notification.pb.go:64.49,65.14 1 0
github.com/s21platform/notification-service/pkg/notification/notification.pb.go:65.14,67.3 1 0
github.com/s21platform/notification-service/pkg/notification/notification.pb.go:68.2,68.10 1 0
github.com/s21platform/notification-service/pkg/notification/notification.pb.go:83.34,88.2 4 0
github.com/s21platform/notification-service/pkg/notification/notification.pb.go:90.42,92.2 1 0
github.com/s21platform/notification-service/pkg/notification/notification.pb.go:94.40,94.41 0 0
github.com/s21platform/notification-service/pkg/notification/notification.pb.go:96.62,98.14 2 0
github.com/s21platform/notification-service/pkg/notification/notification.pb.go:98.14,100.34 2 0
github.com/s21platform/notification-service/pkg/notification/notification.pb.go:100.34,102.4 1 0
github.com/s21platform/notification-service/pkg/notification/notification.pb.go:103.3,103.12 1 0
github.com/s21platform/notification-service/pkg/notification/notification.pb.go:105.2,105.24 1 0
github.com/s21platform/notification-service/pkg/notification/notification.pb.go:109.53,111.2 1 0
github.com/s21platform/notification-service/pkg/notification/notification.pb.go:113.43,114.14 1 0
github.com/s21platform/notification-service/pkg/notification/notification.pb.go:114.14,116.3 1 0
github.com/s21platform/notification-service/pkg/notification/notification.pb.go:117.2,117.10 1 0
github.com/s21platform/notification-service/pkg/notification/notification.pb.go:120.44,121.14 1 0
github.com/s21platform/notification-service/pkg/notification/notification.pb.go:121.14,123.3 1 0
github.com/s21platform/notification-service/pkg/notification/notification.pb.go:124.2,124.10 1 0
github.com/s21platform/notification-service/pkg/notification/notification.pb.go:141.32,146.2 4 0
github.com/s21platform/notification-service/pkg/notification/notification.pb.go:148.40,150.2 1 0
github.com/s21platform/notification-service/pkg/notification/notification.pb.go:152.38,152.39 0 0
github.com/s21platform/notification-service/pkg/notification/notification.pb.go:154.60,156.14 2 0
github.com/s21platform/notification-service/pkg/notification/notification.pb.go:156.14,158.34 2 0
github.com/s21platform/notification-service/pkg/notification/notification.pb.go:158.34,160.4 1 0
github.com/s21platform/notification-service/pkg/notification/notification.pb.go:161.3,161.12 1 0
github.com/s21platform/notification-service/pkg/notification/notification.pb.go:163.2,163.24 1 0
github.com/s21platform/notification-service/pkg/notification/notification.pb.go:167.51,169.2 1 0
github.com/s21platform/notification-service/pkg/notification/notification.pb.go:171.38,172.14 1 0
github.com/s21platform/notification-service/pkg/notification/notification.pb.go:172.14,174.3 1 0
github.com/s21platform/notification-service/pkg/notification/notification.pb.go:175.2,175.10 1 0
github.com/s21platform/notification-service/pkg/notification/notification.pb.go:178.41,179.14 1 0
github.com/s21platform/notification-service/pkg/notification/notification.pb.go:179.14,181.3 1 0
github.com/s21platform/notification-service/pkg/notification/notification.pb.go:182.2,182.11 1 0
github.com/s21platform/notification-service/pkg/notification/notification.pb.go:185.41,186.14 1 0
github.com/s21platform/notification-service/pkg/notification/notification.pb.go:186.14,188.3 1 0
github.com/s21platform/notification-service/pkg/notification/notification.pb.go:189.2,189.14 1 0
github.com/s21platform/notification-service/pkg/notification/notification.pb.go:202.35,207.2 4 0
github.com/s21platform/notification-service/pkg/notification/notification.pb.go:209.43,211.2 1 0
github.com/s21platform/notification-service/pkg/notification/notification.pb.go:213.41,213.42 0 0
github.com/s21platform/notification-service/pkg/notification/notification.pb.go:215.63,217.14 2 0
github.com/s21platform/notification-service/pkg/notification/notification.pb.go:217.14,219.34 2 0
github.com/s21platform/notification-service/pkg/notification/notification.pb.go:219.34,221.4 1 0
github.com/s21platform/notification-service/pkg/notification/notification.pb.go:222.3,222.12 1 0
github.com/s21platform/notification-service/pkg/notification/notification.pb.go:224.2,224.24 1 0
github.com/s21platform/notification-service/pkg/notification/notification.pb.go:228.54,230.2 1 0
github.com/s21platform/notification-service/pkg/notification/notification.pb.go:232.62,233.14 1 0
github.com/s21platform/notification-service/pkg/notification/notification.pb.go:233.14,235.3 1 0
github.com/s21platform/notification-service/pkg/notification/notification.pb.go:236.2,236.12 1 0
github.com/s21platform/notification-service/pkg/notification/notification.pb.go:249.44,254.2 4 0
github.com/s21platform/notification-service/pkg/notification/notification.pb.go:256.52,258.2 1 0
github.com/s21platform/notification-service/pkg/notification/notification.pb.go:260.50,260.51 0 0
github.com/s21platform/notification-service/pkg/notification/notification.pb.go:262.72,264.14 2 0
github.com/s21platform/notification-service/pkg/notification/notification.pb.go:264.14,266.34 2 0
github.com/s21platform/notification-service/pkg/notification/notification.pb.go:266.34,268.4 1 0
github.com/s21platform/notification-service/pkg/notification/notification.pb.go:269.3,269.12 1 0
github.com/s21platform/notification-service/pkg/notification/notification.pb.go:271.2,271.24 1 0
github.com/s21platform/notification-service/pkg/notification/notification.pb.go:275.63,277.2 1 0
github.com/s21platform/notification-service/pkg/notification/notification.pb.go:279.62,280.14 1 0
github.com/s21platform/notification-service/pkg/notification/notification.pb.go:280.14,282.3 1 0
github.com/s21platform/notification-service/pkg/notification/notification.pb.go:283.2,283.10 1 0
github.com/s21platform/notification-service/pkg/notification/notification.pb.go:298.33,303.2 4 0
github.com/s21platform/notification-service/pkg/notification/notification.pb.go:305.41,307.2 1 0
github.com/s21platform/notification-service/pkg/notification/notification.pb.go:309.39,309.40 0 0
github.com/s21platform/notification-service/pkg/notification/notification.pb.go:311.61,313.14 2 0
github.com/s21platform/notification-service/pkg/notification/notification.pb.go:313.14,315.34 2 0
github.com/s21platform/notification-service/pkg/notification/notification.pb.go:315.34,317.4 1 0
github.com/s21platform/notification-service/pkg/notification/notification.pb.go:318.3,318.12 1 0
github.com/s21platform/notification-service/pkg/notification/notification.pb.go:320.2,320.24 1 0
github.com/s21platform/notification-service/pkg/notification/notification.pb.go:324.52,326.2 1 0
github.com/s21platform/notification-service/pkg/notification/notification.pb.go:328.43,329.14 1 0
github.com/s21platform/notification-service/pkg/notification/notification.pb.go:329.14,331.3 1 0
github.com/s21platform/notification-service/pkg/notification/notification.pb.go:332.2,332.11 1 0
github.com/s21platform/notification-service/pkg/notification/notification.pb.go:335.42,336.14 1 0
github.com/s21platform/notification-service/pkg/notification/notification.pb.go:336.14,338.3 1 0
github.com/s21platform/notification-service/pkg/notification/notification.pb.go:339.2,339.11 1 0
github.com/s21platform/notification-service/pkg/notification/notification.pb.go:396.55,397.52 1 0
github.com/s21platform/notification-service/pkg/notification/notification.pb.go:397.52,399.3 1 0
github.com/s21platform/notification-service/pkg/notification/notification.pb.go:400.2,400.48 1 0
github.com/s21platform/notification-service/pkg/notification/notification.pb.go:428.13,428.51 1 0
github.com/s21platform/notification-service/pkg/notification/notification.pb.go:429.41,430.40 1 0
github.com/s21platform/notification-service/pkg/notification/notification.pb.go:430.40,432.3 1 0
github.com/s21platform/notification-service/pkg/notification/notification.pb.go:433.2,450.43 6 0
github.com/s21platform/notification-service/pkg/notification/notification_grpc.pb.go:44.90,46.2 1 0
github.com/s21platform/notification-service/pkg/notification/notification_grpc.pb.go:48.154,52.16 4 0
github.com/s21platform/notification-service/pkg/notification/notification_grpc.pb.go:52.16,54.3 1 0
github.com/s21platform/notification-service/pkg/notification/notification_grpc.pb.go:55.2,55.17 1 0
github.com/s21platform/notification-service/pkg/notification/notification_grpc.pb.go:58.145,62.16 4 0
github.com/s21platform/notification-service/pkg/notification/notification_grpc.pb.go:62.16,64.3 1 0
github.com/s21platform/notification-service/pkg/notification/notification_grpc.pb.go:65.2,65.17 1 0
github.com/s21platform/notification-service/pkg/notification/notification_grpc.pb.go:68.160,72.16 4 0
github.com/s21platform/notification-service/pkg/notification/notification_grpc.pb.go:72.16,74.3 1 0
github.com/s21platform/notification-service/pkg/notification/notification_grpc.pb.go:75.2,75.17 1 0
github.com/s21platform/notification-service/pkg/notification/notification_grpc.pb.go:98.132,100.2 1 0
github.com/s21platform/notification-service/pkg/notification/notification_grpc.pb.go:101.123,103.2 1 0
github.com/s21platform/notification-service/pkg/notification/notification_grpc.pb.go:104.138,106.2 1 0
github.com/s21platform/notification-service/pkg/notification/notification_grpc.pb.go:107.98,107.99 0 0
github.com/s21platform/notification-service/pkg/notification/notification_grpc.pb.go:108.98,108.99 0 0
github.com/s21platform/notification-service/pkg/notification/notification_grpc.pb.go:117.96,122.59 1 0
github.com/s21platform/notification-service/pkg/notification/notification_grpc.pb.go:122.59,124.3 1 0
github.com/s21platform/notification-service/pkg/notification/notification_grpc.pb.go:125.2,125.58 1 0
github.com/s21platform/notification-service/pkg/notification/notification_grpc.pb.go:128.185,130.32 2 0
github.com/s21platform/notification-service/pkg/notification/notification_grpc.pb.go:130.32,132.3 1 0
github.com/s21platform/notification-service/pkg/notification/notification_grpc.pb.go:133.2,133.24 1 0
github.com/s21platform/notification-service/pkg/notification/notification_grpc.pb.go:133.24,135.3 1 0
github.com/s21platform/notification-service/pkg/notification/notification_grpc.pb.go:136.2,140.77 2 0
github.com/s21platform/notification-service/pkg/notification/notification_grpc.pb.go:140.77,142.3 1 0
github.com/s21platform/notification-service/pkg/notification/notification_grpc.pb.go:143.2,143.44 1 0
github.com/s21platform/notification-service/pkg/notification/notification_grpc.pb.go:146.180,148.32 2 0
github.com/s21platform/notification-service/pkg/notification/notification_grpc.pb.go:148.32,150.3 1 0
github.com/s21platform/notification-service/pkg/notification/notification_grpc.pb.go:151.2,151.24 1 0
github.com/s21platform/notification-service/pkg/notification/notification_grpc.pb.go:151.24,153.3 1 0
github.com/s21platform/notification-service/pkg/notification/notification_grpc.pb.go:154.2,158.77 2 0
github.com/s21platform/notification-service/pkg/notification/notification_grpc.pb.go:158.77,160.3 1 0
github.com/s21platform/notification-service/pkg/notification/notification_grpc.pb.go:161.2,161.44 1 0
github.com/s21platform/notification-service/pkg/notification/notification_grpc.pb.go:164.187,166.32 2 0
github.com/s21platform/notification-service/pkg/notification/notification_grpc.pb.go:166.32,168.3 1 0
github.com/s21platform/notification-service/pkg/notification/notification_grpc.pb.go:169.2,169.24 1 0
github.com/s21platform/notification-service/pkg/notification/notification_grpc.pb.go:169.24,171.3 1 0
github.com/s21platform/notification-service/pkg/notification/notification_grpc.pb.go:172.2,176.77 2 0
github.com/s21platform/notification-service/pkg/notification/notification_grpc.pb.go:176.77,178.3 1 0
github.com/s21platform/notification-service/pkg/notification/notification_grpc.pb.go:179.2,179.44 1 0
github.com/s21platform/notification-service/internal/repository/postgres/repository.go:20.45,24.2 1 1
github.com/s21platform/notification-service/internal/repository/postgres/repository.go:26.30,28.2 1 0
github.com/s21platform/notification-service/internal/repository/postgres/repository.go:30.42,35.16 3 0
github.com/s21platform/notification-service/internal/repository/postgres/repository.go:35.16,37.3 1 0
github.com/s21platform/notification-service/internal/repository/postgres/repository.go:38.2,38.24 1 0
github.com/s21platform/notification-service/internal/repository/postgres/repository.go:41.96,51.16 2 1
github.com/s21platform/notification-service/internal/repository/postgres/repository.go:51.16,53.3 1 0
github.com/s21platform/notification-service/internal/repository/postgres/repository.go:54.2,56.16 3 1
github.com/s21platform/notification-service/internal/repository/postgres/repository.go:56.16,58.3 1 0
github.com/s21platform/notification-service/internal/repository/postgres/repository.go:59.2,59.26 1 1
github.com/s21platform/notification-service/internal/repository/postgres/repository.go:62.134,72.16 2 1
github.com/s21platform/notification-service/internal/repository/postgres/repository.go:72.16,74.3 1 0
github.com/s21platform/notification-service/internal/repository/postgres/repository.go:76.2,78.16 3 1
github.com/s21platform/notification-service/internal/repository/postgres/repository.go:78.16,80.3 1 0
github.com/s21platform/notification-service/internal/repository/postgres/repository.go:81.2,81.27 1 1
github.com/s21platform/notification-service/internal/repository/postgres/repository.go:84.111,96.16 2 1
github.com/s21platform/notification-service/internal/repository/postgres/repository.go:96.16,98.3 1 0
github.com/s21platform/notification-service/internal/repository/postgres/repository.go:100.2,101.16 2 1
github.com/s21platform/notification-service/internal/repository/postgres/repository.go:101.16,103.3 1 0
github.com/s21platform/notification-service/internal/repository/postgres/repository.go:105.2,106.16 2 1
github.com/s21platform/notification-service/internal/repository/postgres/repository.go:106.16,108.3 1 0
github.com/s21platform/notification-service/internal/repository/postgres/repository.go:110.2,110.23 1 1
github.com/s21platform/notification-service/internal/repository/postgres/repository.go:110.23,112.3 1 1
github.com/s21platform/notification-service/internal/repository/postgres/repository.go:114.2,114.12 1 1
github.com/s21platform/notification-service/internal/service/service.go:25.32,29.2 1 1
github.com/s21platform/notification-service/internal/service/service.go:31.123,35.16 4 1
github.com/s21platform/notification-service/internal/service/service.go:35.16,37.3 1 1
github.com/s21platform/notification-service/internal/service/service.go:38.2,40.8 1 1
github.com/s21platform/notification-service/internal/service/service.go:43.128,47.16 4 1
github.com/s21platform/notification-service/internal/service/service.go:47.16,49.3 1 1
github.com/s21platform/notification-service/internal/service/service.go:50.2,51.36 2 1
github.com/s21platform/notification-service/internal/service/service.go:51.36,57.3 1 1
github.com/s21platform/notification-service/internal/service/service.go:58.2,60.8 1 1
github.com/s21platform/notification-service/internal/service/service.go:63.130,67.16 4 1
github.com/s21platform/notification-service/internal/service/service.go:67.16,68.62 1 1
github.com/s21platform/notification-service/internal/service/service.go:68.62,70.4 1 1
github.com/s21platform/notification-service/internal/service/service.go:71.3,71.83 1 1
github.com/s21platform/notification-service/internal/service/service.go:73.2,73.30 1 1
